<?xml version="1.0" encoding="UTF-8"?>
<testng-results ignored="0" total="2" passed="2" failed="0" skipped="0">
  <reporter-output>
  </reporter-output>
  <suite started-at="2019-01-09T22:05:49Z" name="Default suite" finished-at="2019-01-09T22:05:59Z" duration-ms="10304">
    <groups>
    </groups>
    <test started-at="2019-01-09T22:05:49Z" name="Default test" finished-at="2019-01-09T22:05:59Z" duration-ms="10304">
      <class name="test.java.ie.murph.testng.InitialTestNg">
        <test-method is-config="true" signature="launchBrowser()[pri:0, instance:test.java.ie.murph.testng.InitialTestNg@1151e434]" started-at="2019-01-09T22:05:49Z" name="launchBrowser" finished-at="2019-01-09T22:05:55Z" duration-ms="6019" status="PASS">
          <reporter-output>
          </reporter-output>
        </test-method> <!-- launchBrowser -->
        <test-method is-config="true" signature="verifyHomepageTitle()[pri:0, instance:test.java.ie.murph.testng.InitialTestNg@1151e434]" started-at="2019-01-09T22:05:55Z" name="verifyHomepageTitle" finished-at="2019-01-09T22:05:55Z" duration-ms="5" status="PASS">
          <reporter-output>
          </reporter-output>
        </test-method> <!-- verifyHomepageTitle -->
        <test-method signature="register()[pri:0, instance:test.java.ie.murph.testng.InitialTestNg@1151e434]" started-at="2019-01-09T22:05:55Z" name="register" finished-at="2019-01-09T22:05:56Z" duration-ms="1040" status="PASS">
          <reporter-output>
          </reporter-output>
        </test-method> <!-- register -->
        <test-method is-config="true" signature="goBackToHomepage()[pri:0, instance:test.java.ie.murph.testng.InitialTestNg@1151e434]" started-at="2019-01-09T22:05:56Z" name="goBackToHomepage" finished-at="2019-01-09T22:05:57Z" duration-ms="883" status="PASS">
          <reporter-output>
          </reporter-output>
        </test-method> <!-- goBackToHomepage -->
        <test-method is-config="true" signature="verifyHomepageTitle()[pri:0, instance:test.java.ie.murph.testng.InitialTestNg@1151e434]" started-at="2019-01-09T22:05:57Z" name="verifyHomepageTitle" finished-at="2019-01-09T22:05:57Z" duration-ms="10" status="PASS">
          <reporter-output>
          </reporter-output>
        </test-method> <!-- verifyHomepageTitle -->
        <test-method signature="support()[pri:1, instance:test.java.ie.murph.testng.InitialTestNg@1151e434]" started-at="2019-01-09T22:05:57Z" name="support" finished-at="2019-01-09T22:05:58Z" duration-ms="778" status="PASS">
          <reporter-output>
          </reporter-output>
        </test-method> <!-- support -->
        <test-method is-config="true" signature="goBackToHomepage()[pri:0, instance:test.java.ie.murph.testng.InitialTestNg@1151e434]" started-at="2019-01-09T22:05:58Z" name="goBackToHomepage" finished-at="2019-01-09T22:05:59Z" duration-ms="680" status="PASS">
          <reporter-output>
          </reporter-output>
        </test-method> <!-- goBackToHomepage -->
        <test-method is-config="true" signature="terminateBrowser()[pri:0, instance:test.java.ie.murph.testng.InitialTestNg@1151e434]" started-at="2019-01-09T22:05:59Z" name="terminateBrowser" finished-at="2019-01-09T22:05:59Z" duration-ms="850" status="PASS">
          <reporter-output>
          </reporter-output>
        </test-method> <!-- terminateBrowser -->
      </class> <!-- test.java.ie.murph.testng.InitialTestNg -->
    </test> <!-- Default test -->
  </suite> <!-- Default suite -->
</testng-results>
