<?xml version="1.0" encoding="UTF-8"?>
<testng-results ignored="0" total="1" passed="1" failed="0" skipped="0">
  <reporter-output>
  </reporter-output>
  <suite started-at="2018-12-29T22:41:58Z" name="Default suite" finished-at="2018-12-29T22:42:07Z" duration-ms="9429">
    <groups>
    </groups>
    <test started-at="2018-12-29T22:41:58Z" name="Default test" finished-at="2018-12-29T22:42:07Z" duration-ms="9429">
      <class name="test.java.ie.murph.testng.InitialTestNg">
        <test-method signature="verifyHomepageTitle()[pri:0, instance:test.java.ie.murph.testng.InitialTestNg@313b2ea6]" started-at="2018-12-29T22:41:58Z" name="verifyHomepageTitle" finished-at="2018-12-29T22:42:07Z" duration-ms="9377" status="PASS">
          <reporter-output>
          </reporter-output>
        </test-method> <!-- verifyHomepageTitle -->
      </class> <!-- test.java.ie.murph.testng.InitialTestNg -->
    </test> <!-- Default test -->
  </suite> <!-- Default suite -->
</testng-results>
